<?xml version="1.0" encoding="UTF-8"?>
<!-- Generated by org.testng.reporters.JUnitReportReporter -->
<testsuite hostname="LAPTOP-J48I264D" failures="0" tests="3" name="com.testng.selenium.java.Groups" time="0.012" errors="0" timestamp="2022-10-20T21:11:35 IST" skipped="0">
  <testcase classname="com.testng.selenium.java.Groups" name="test2" time="0.001"/>
  <system-out/>
  <testcase classname="com.testng.selenium.java.Groups" name="test3" time="0.001"/>
  <system-out/>
  <testcase classname="com.testng.selenium.java.Groups" name="test1" time="0.010"/>
  <system-out/>
</testsuite> <!-- com.testng.selenium.java.Groups -->
