<?xml version="1.0" encoding="UTF-8"?>
<!-- Generated by org.testng.reporters.JUnitReportReporter -->
<testsuite hostname="LAPTOP-J48I264D" failures="0" tests="2" name="com.testng.selenium.java.Me" time="0.008" errors="0" timestamp="2022-11-07T16:26:38 IST" skipped="0">
  <testcase classname="com.testng.selenium.java.Me" name="test2" time="0.007"/>
  <system-out/>
  <testcase classname="com.testng.selenium.java.Me" name="test1" time="0.001"/>
  <system-out/>
</testsuite> <!-- com.testng.selenium.java.Me -->
